<?xml version="1.0" encoding="UTF-8"?>
<testsuite name="joinIdCheck 메소드는" tests="0" skipped="0" failures="0" errors="0" timestamp="1970-01-01T00:00:00" hostname="Uui-MacBookPro.local" time="0.0">
  <properties/>
  <system-out><![CDATA[18:04:18.545 [Test worker] DEBUG org.springframework.test.context.BootstrapUtils - Instantiating CacheAwareContextLoaderDelegate from class [org.springframework.test.context.cache.DefaultCacheAwareContextLoaderDelegate]
18:04:18.546 [Test worker] DEBUG org.springframework.test.context.BootstrapUtils - Instantiating BootstrapContext using constructor [public org.springframework.test.context.support.DefaultBootstrapContext(java.lang.Class,org.springframework.test.context.CacheAwareContextLoaderDelegate)]
18:04:18.547 [Test worker] DEBUG org.springframework.test.context.BootstrapUtils - Instantiating TestContextBootstrapper for test class [com.kurly.member.service.UserServiceImplTest$Describe_joinIdCheck] from class [org.springframework.boot.test.autoconfigure.orm.jpa.DataJpaTestContextBootstrapper]
18:04:18.548 [Test worker] INFO org.springframework.boot.test.autoconfigure.orm.jpa.DataJpaTestContextBootstrapper - Neither @ContextConfiguration nor @ContextHierarchy found for test class [com.kurly.member.service.UserServiceImplTest$Describe_joinIdCheck], using SpringBootContextLoader
18:04:18.549 [Test worker] DEBUG org.springframework.test.context.support.AbstractContextLoader - Did not detect default resource location for test class [com.kurly.member.service.UserServiceImplTest$Describe_joinIdCheck]: class path resource [com/kurly/member/service/UserServiceImplTest$Describe_joinIdCheck-context.xml] does not exist
18:04:18.549 [Test worker] DEBUG org.springframework.test.context.support.AbstractContextLoader - Did not detect default resource location for test class [com.kurly.member.service.UserServiceImplTest$Describe_joinIdCheck]: class path resource [com/kurly/member/service/UserServiceImplTest$Describe_joinIdCheckContext.groovy] does not exist
18:04:18.550 [Test worker] INFO org.springframework.test.context.support.AbstractContextLoader - Could not detect default resource locations for test class [com.kurly.member.service.UserServiceImplTest$Describe_joinIdCheck]: no resource found for suffixes {-context.xml, Context.groovy}.
18:04:18.550 [Test worker] DEBUG org.springframework.test.context.support.AnnotationConfigContextLoaderUtils - Ignoring class [com.kurly.member.service.UserServiceImplTest$Describe_joinIdCheck$Context_exist_userId]; it must be static, non-private, non-final, and annotated with @Configuration to be considered a default configuration class.
18:04:18.550 [Test worker] INFO org.springframework.test.context.support.AnnotationConfigContextLoaderUtils - Could not detect default configuration classes for test class [com.kurly.member.service.UserServiceImplTest$Describe_joinIdCheck]: Describe_joinIdCheck does not declare any static, non-private, non-final, nested classes annotated with @Configuration.
18:04:18.555 [Test worker] DEBUG org.springframework.test.context.support.ActiveProfilesUtils - Could not find an 'annotation declaring class' for annotation type [org.springframework.test.context.ActiveProfiles] and class [com.kurly.member.service.UserServiceImplTest$Describe_joinIdCheck]
18:04:18.555 [Test worker] INFO org.springframework.boot.test.context.SpringBootTestContextBootstrapper - Found @SpringBootConfiguration com.kurly.member.MemberApplication for test class com.kurly.member.service.UserServiceImplTest$Describe_joinIdCheck
18:04:18.557 [Test worker] DEBUG org.springframework.boot.test.autoconfigure.orm.jpa.DataJpaTestContextBootstrapper - @TestExecutionListeners is not present for class [com.kurly.member.service.UserServiceImplTest$Describe_joinIdCheck]: using defaults.
18:04:18.557 [Test worker] INFO org.springframework.boot.test.autoconfigure.orm.jpa.DataJpaTestContextBootstrapper - Loaded default TestExecutionListener class names from location [META-INF/spring.factories]: [org.springframework.boot.test.autoconfigure.restdocs.RestDocsTestExecutionListener, org.springframework.boot.test.autoconfigure.web.client.MockRestServiceServerResetTestExecutionListener, org.springframework.boot.test.autoconfigure.web.servlet.MockMvcPrintOnlyOnFailureTestExecutionListener, org.springframework.boot.test.autoconfigure.web.servlet.WebDriverTestExecutionListener, org.springframework.boot.test.autoconfigure.webservices.client.MockWebServiceServerTestExecutionListener, org.springframework.boot.test.mock.mockito.MockitoTestExecutionListener, org.springframework.boot.test.mock.mockito.ResetMocksTestExecutionListener, org.springframework.test.context.web.ServletTestExecutionListener, org.springframework.test.context.support.DirtiesContextBeforeModesTestExecutionListener, org.springframework.test.context.event.ApplicationEventsTestExecutionListener, org.springframework.test.context.support.DependencyInjectionTestExecutionListener, org.springframework.test.context.support.DirtiesContextTestExecutionListener, org.springframework.test.context.transaction.TransactionalTestExecutionListener, org.springframework.test.context.jdbc.SqlScriptsTestExecutionListener, org.springframework.test.context.event.EventPublishingTestExecutionListener]
18:04:18.558 [Test worker] INFO org.springframework.boot.test.autoconfigure.orm.jpa.DataJpaTestContextBootstrapper - Using TestExecutionListeners: [org.springframework.test.context.web.ServletTestExecutionListener@e6516e, org.springframework.test.context.support.DirtiesContextBeforeModesTestExecutionListener@6de54b40, org.springframework.test.context.event.ApplicationEventsTestExecutionListener@43ed0ff3, org.springframework.boot.test.mock.mockito.MockitoTestExecutionListener@388ffbc2, org.springframework.boot.test.autoconfigure.SpringBootDependencyInjectionTestExecutionListener@a50b09c, org.springframework.test.context.support.DirtiesContextTestExecutionListener@4da855dd, org.springframework.test.context.transaction.TransactionalTestExecutionListener@6691490c, org.springframework.test.context.jdbc.SqlScriptsTestExecutionListener@2187fff7, org.springframework.test.context.event.EventPublishingTestExecutionListener@2e5c7f0b, org.springframework.boot.test.autoconfigure.restdocs.RestDocsTestExecutionListener@21d5c1a0, org.springframework.boot.test.autoconfigure.web.client.MockRestServiceServerResetTestExecutionListener@4de025bf, org.springframework.boot.test.autoconfigure.web.servlet.MockMvcPrintOnlyOnFailureTestExecutionListener@538613b3, org.springframework.boot.test.autoconfigure.web.servlet.WebDriverTestExecutionListener@1eef9aef, org.springframework.boot.test.autoconfigure.webservices.client.MockWebServiceServerTestExecutionListener@11389053, org.springframework.boot.test.mock.mockito.ResetMocksTestExecutionListener@5db99216]
18:04:18.559 [Test worker] DEBUG org.springframework.test.context.support.AbstractDirtiesContextTestExecutionListener - Before test class: context [DefaultTestContext@3ec11999 testClass = UserServiceImplTest.Describe_joinIdCheck, testInstance = [null], testMethod = [null], testException = [null], mergedContextConfiguration = [MergedContextConfiguration@5c1bd44c testClass = UserServiceImplTest.Describe_joinIdCheck, locations = '{}', classes = '{class com.kurly.member.MemberApplication}', contextInitializerClasses = '[]', activeProfiles = '{}', propertySourceLocations = '{}', propertySourceProperties = '{org.springframework.boot.test.autoconfigure.orm.jpa.DataJpaTestContextBootstrapper=true}', contextCustomizers = set[org.springframework.boot.test.autoconfigure.OverrideAutoConfigurationContextCustomizerFactory$DisableAutoConfigurationContextCustomizer@2b95e48b, org.springframework.boot.test.autoconfigure.actuate.metrics.MetricsExportContextCustomizerFactory$DisableMetricExportContextCustomizer@41925502, org.springframework.boot.test.autoconfigure.filter.TypeExcludeFiltersContextCustomizer@351584c0, org.springframework.boot.test.autoconfigure.properties.PropertyMappingContextCustomizer@ec5ba7d9, org.springframework.boot.test.autoconfigure.web.servlet.WebDriverContextCustomizerFactory$Customizer@a8c1f44, [ImportsContextCustomizer@9f46d94 key = [org.springframework.boot.autoconfigure.cache.CacheAutoConfiguration, org.springframework.boot.autoconfigure.data.jpa.JpaRepositoriesAutoConfiguration, org.springframework.boot.autoconfigure.flyway.FlywayAutoConfiguration, org.springframework.boot.autoconfigure.jdbc.DataSourceAutoConfiguration, org.springframework.boot.autoconfigure.jdbc.DataSourceTransactionManagerAutoConfiguration, org.springframework.boot.autoconfigure.jdbc.JdbcTemplateAutoConfiguration, org.springframework.boot.autoconfigure.liquibase.LiquibaseAutoConfiguration, org.springframework.boot.autoconfigure.orm.jpa.HibernateJpaAutoConfiguration, org.springframework.boot.autoconfigure.sql.init.SqlInitializationAutoConfiguration, org.springframework.boot.autoconfigure.transaction.TransactionAutoConfiguration, org.springframework.boot.test.autoconfigure.jdbc.TestDatabaseAutoConfiguration, org.springframework.boot.test.autoconfigure.orm.jpa.TestEntityManagerAutoConfiguration]], org.springframework.boot.test.context.filter.ExcludeFilterContextCustomizer@20b5f2ac, org.springframework.boot.test.json.DuplicateJsonObjectContextCustomizerFactory$DuplicateJsonObjectContextCustomizer@293d0107, org.springframework.boot.test.mock.mockito.MockitoContextCustomizer@0, org.springframework.boot.test.context.SpringBootTestArgs@1, org.springframework.boot.test.context.SpringBootTestWebEnvironment@0], contextLoader = 'org.springframework.boot.test.context.SpringBootContextLoader', parent = [null]], attributes = map[[empty]]], class annotated with @DirtiesContext [false] with mode [null].
]]></system-out>
  <system-err><![CDATA[]]></system-err>
</testsuite>
